<?xml version="1.0" encoding="UTF-8"?>
<testng-results skipped="0" failed="0" total="1" passed="1">
  <reporter-output>
  </reporter-output>
  <suite name="Default suite" duration-ms="9624" started-at="2017-04-04T02:21:57Z" finished-at="2017-04-04T02:22:06Z">
    <groups>
    </groups>
    <test name="Default test" duration-ms="9624" started-at="2017-04-04T02:21:57Z" finished-at="2017-04-04T02:22:06Z">
      <class name="testcases.TC_001">
        <test-method status="PASS" signature="testcase1()[pri:0, instance:testcases.TC_001@5a39699c]" name="testcase1" duration-ms="9581" started-at="2017-04-04T07:51:57Z" finished-at="2017-04-04T07:52:06Z">
          <reporter-output>
          </reporter-output>
        </test-method> <!-- testcase1 -->
      </class> <!-- testcases.TC_001 -->
    </test> <!-- Default test -->
  </suite> <!-- Default suite -->
</testng-results>
